[2022-01-24 02:23:04,779] {taskinstance.py:1032} INFO - Dependencies all met for <TaskInstance: rides_dag.sql_connect_ manual__2022-01-24T02:23:02.188245+00:00 [queued]>
[2022-01-24 02:23:04,793] {taskinstance.py:1032} INFO - Dependencies all met for <TaskInstance: rides_dag.sql_connect_ manual__2022-01-24T02:23:02.188245+00:00 [queued]>
[2022-01-24 02:23:04,794] {taskinstance.py:1238} INFO - 
--------------------------------------------------------------------------------
[2022-01-24 02:23:04,795] {taskinstance.py:1239} INFO - Starting attempt 1 of 4
[2022-01-24 02:23:04,796] {taskinstance.py:1240} INFO - 
--------------------------------------------------------------------------------
[2022-01-24 02:23:04,809] {taskinstance.py:1259} INFO - Executing <Task(PythonOperator): sql_connect_> on 2022-01-24 02:23:02.188245+00:00
[2022-01-24 02:23:04,814] {standard_task_runner.py:52} INFO - Started process 1277 to run task
[2022-01-24 02:23:04,820] {standard_task_runner.py:76} INFO - Running: ['***', 'tasks', 'run', 'rides_dag', 'sql_connect_', 'manual__2022-01-24T02:23:02.188245+00:00', '--job-id', '661', '--raw', '--subdir', 'DAGS_FOLDER/rides_dag.py', '--cfg-path', '/tmp/tmp_xbga5ds', '--error-file', '/tmp/tmpleifi8ph']
[2022-01-24 02:23:04,821] {standard_task_runner.py:77} INFO - Job 661: Subtask sql_connect_
[2022-01-24 02:23:04,883] {logging_mixin.py:109} INFO - Running <TaskInstance: rides_dag.sql_connect_ manual__2022-01-24T02:23:02.188245+00:00 [running]> on host 2595cfb8262c
[2022-01-24 02:23:04,930] {taskinstance.py:1426} INFO - Exporting the following env vars:
AIRFLOW_CTX_DAG_EMAIL=mcgaritym@gmail.com
AIRFLOW_CTX_DAG_OWNER=***
AIRFLOW_CTX_DAG_ID=rides_dag
AIRFLOW_CTX_TASK_ID=sql_connect_
AIRFLOW_CTX_EXECUTION_DATE=2022-01-24T02:23:02.188245+00:00
AIRFLOW_CTX_DAG_RUN_ID=manual__2022-01-24T02:23:02.188245+00:00
[2022-01-24 02:23:04,932] {logging_mixin.py:109} INFO - Current Working Directory:  /opt/***
[2022-01-24 02:23:04,932] {logging_mixin.py:109} INFO - Current Working Directory Files:  ['logs', 'dags', '***-worker.pid', '***.cfg', 'plugins', 'webserver_config.py']
[2022-01-24 02:23:04,933] {logging_mixin.py:109} INFO - Parent Directory:  /opt
[2022-01-24 02:23:04,934] {logging_mixin.py:109} INFO - Current Parent Directory Files:  ['***', 'microsoft', 'mssql-tools']
[2022-01-24 02:23:05,109] {python.py:175} INFO - Done. Returned value was: Rides Database Created
[2022-01-24 02:23:05,133] {taskinstance.py:1277} INFO - Marking task as SUCCESS. dag_id=rides_dag, task_id=sql_connect_, execution_date=20220124T022302, start_date=20220124T022304, end_date=20220124T022305
[2022-01-24 02:23:05,194] {local_task_job.py:154} INFO - Task exited with return code 0
[2022-01-24 02:23:05,245] {local_task_job.py:264} INFO - 0 downstream tasks scheduled from follow-on schedule check
