[2022-01-24 02:47:34,496] {taskinstance.py:1032} INFO - Dependencies all met for <TaskInstance: rides_dag.sql_connect_ manual__2022-01-24T02:47:32.122801+00:00 [queued]>
[2022-01-24 02:47:34,514] {taskinstance.py:1032} INFO - Dependencies all met for <TaskInstance: rides_dag.sql_connect_ manual__2022-01-24T02:47:32.122801+00:00 [queued]>
[2022-01-24 02:47:34,515] {taskinstance.py:1238} INFO - 
--------------------------------------------------------------------------------
[2022-01-24 02:47:34,516] {taskinstance.py:1239} INFO - Starting attempt 1 of 4
[2022-01-24 02:47:34,517] {taskinstance.py:1240} INFO - 
--------------------------------------------------------------------------------
[2022-01-24 02:47:34,533] {taskinstance.py:1259} INFO - Executing <Task(PythonOperator): sql_connect_> on 2022-01-24 02:47:32.122801+00:00
[2022-01-24 02:47:34,539] {standard_task_runner.py:52} INFO - Started process 2426 to run task
[2022-01-24 02:47:34,544] {standard_task_runner.py:76} INFO - Running: ['***', 'tasks', 'run', 'rides_dag', 'sql_connect_', 'manual__2022-01-24T02:47:32.122801+00:00', '--job-id', '663', '--raw', '--subdir', 'DAGS_FOLDER/rides_dag.py', '--cfg-path', '/tmp/tmpkonm231v', '--error-file', '/tmp/tmp3z9p_2_l']
[2022-01-24 02:47:34,545] {standard_task_runner.py:77} INFO - Job 663: Subtask sql_connect_
[2022-01-24 02:47:34,660] {logging_mixin.py:109} INFO - Running <TaskInstance: rides_dag.sql_connect_ manual__2022-01-24T02:47:32.122801+00:00 [running]> on host 2595cfb8262c
[2022-01-24 02:47:34,746] {taskinstance.py:1426} INFO - Exporting the following env vars:
AIRFLOW_CTX_DAG_EMAIL=mcgaritym@gmail.com
AIRFLOW_CTX_DAG_OWNER=***
AIRFLOW_CTX_DAG_ID=rides_dag
AIRFLOW_CTX_TASK_ID=sql_connect_
AIRFLOW_CTX_EXECUTION_DATE=2022-01-24T02:47:32.122801+00:00
AIRFLOW_CTX_DAG_RUN_ID=manual__2022-01-24T02:47:32.122801+00:00
[2022-01-24 02:47:34,748] {logging_mixin.py:109} INFO - Current Working Directory:  /opt/***
[2022-01-24 02:47:34,750] {logging_mixin.py:109} INFO - Current Working Directory Files:  ['logs', 'dags', '***-worker.pid', '***.cfg', 'plugins', 'webserver_config.py']
[2022-01-24 02:47:34,750] {logging_mixin.py:109} INFO - Parent Directory:  /opt
[2022-01-24 02:47:34,751] {logging_mixin.py:109} INFO - Current Parent Directory Files:  ['***', 'microsoft', 'mssql-tools']
[2022-01-24 02:47:34,898] {python.py:175} INFO - Done. Returned value was: Rides Database Created
[2022-01-24 02:47:34,925] {taskinstance.py:1277} INFO - Marking task as SUCCESS. dag_id=rides_dag, task_id=sql_connect_, execution_date=20220124T024732, start_date=20220124T024734, end_date=20220124T024734
[2022-01-24 02:47:34,959] {local_task_job.py:154} INFO - Task exited with return code 0
[2022-01-24 02:47:35,002] {local_task_job.py:264} INFO - 0 downstream tasks scheduled from follow-on schedule check
