[2022-01-24 02:47:33,180] {taskinstance.py:1032} INFO - Dependencies all met for <TaskInstance: rides_dag.print_date manual__2022-01-24T02:47:32.122801+00:00 [queued]>
[2022-01-24 02:47:33,190] {taskinstance.py:1032} INFO - Dependencies all met for <TaskInstance: rides_dag.print_date manual__2022-01-24T02:47:32.122801+00:00 [queued]>
[2022-01-24 02:47:33,191] {taskinstance.py:1238} INFO - 
--------------------------------------------------------------------------------
[2022-01-24 02:47:33,191] {taskinstance.py:1239} INFO - Starting attempt 1 of 4
[2022-01-24 02:47:33,192] {taskinstance.py:1240} INFO - 
--------------------------------------------------------------------------------
[2022-01-24 02:47:33,205] {taskinstance.py:1259} INFO - Executing <Task(BashOperator): print_date> on 2022-01-24 02:47:32.122801+00:00
[2022-01-24 02:47:33,210] {standard_task_runner.py:52} INFO - Started process 2413 to run task
[2022-01-24 02:47:33,214] {standard_task_runner.py:76} INFO - Running: ['***', 'tasks', 'run', 'rides_dag', 'print_date', 'manual__2022-01-24T02:47:32.122801+00:00', '--job-id', '662', '--raw', '--subdir', 'DAGS_FOLDER/rides_dag.py', '--cfg-path', '/tmp/tmp2eiiz911', '--error-file', '/tmp/tmp59x_9ykw']
[2022-01-24 02:47:33,215] {standard_task_runner.py:77} INFO - Job 662: Subtask print_date
[2022-01-24 02:47:33,273] {logging_mixin.py:109} INFO - Running <TaskInstance: rides_dag.print_date manual__2022-01-24T02:47:32.122801+00:00 [running]> on host 2595cfb8262c
[2022-01-24 02:47:33,321] {taskinstance.py:1426} INFO - Exporting the following env vars:
AIRFLOW_CTX_DAG_EMAIL=mcgaritym@gmail.com
AIRFLOW_CTX_DAG_OWNER=***
AIRFLOW_CTX_DAG_ID=rides_dag
AIRFLOW_CTX_TASK_ID=print_date
AIRFLOW_CTX_EXECUTION_DATE=2022-01-24T02:47:32.122801+00:00
AIRFLOW_CTX_DAG_RUN_ID=manual__2022-01-24T02:47:32.122801+00:00
[2022-01-24 02:47:33,322] {subprocess.py:62} INFO - Tmp dir root location: 
 /tmp
[2022-01-24 02:47:33,323] {subprocess.py:74} INFO - Running command: ['bash', '-c', 'date']
[2022-01-24 02:47:33,334] {subprocess.py:85} INFO - Output:
[2022-01-24 02:47:33,339] {subprocess.py:89} INFO - Mon Jan 24 02:47:33 UTC 2022
[2022-01-24 02:47:33,340] {subprocess.py:93} INFO - Command exited with return code 0
[2022-01-24 02:47:33,362] {taskinstance.py:1277} INFO - Marking task as SUCCESS. dag_id=rides_dag, task_id=print_date, execution_date=20220124T024732, start_date=20220124T024733, end_date=20220124T024733
[2022-01-24 02:47:33,387] {local_task_job.py:154} INFO - Task exited with return code 0
[2022-01-24 02:47:33,418] {local_task_job.py:264} INFO - 1 downstream tasks scheduled from follow-on schedule check
