[2022-01-24 02:54:12,464] {taskinstance.py:1032} INFO - Dependencies all met for <TaskInstance: rides_dag.print_date manual__2022-01-24T02:54:11.103349+00:00 [queued]>
[2022-01-24 02:54:12,474] {taskinstance.py:1032} INFO - Dependencies all met for <TaskInstance: rides_dag.print_date manual__2022-01-24T02:54:11.103349+00:00 [queued]>
[2022-01-24 02:54:12,475] {taskinstance.py:1238} INFO - 
--------------------------------------------------------------------------------
[2022-01-24 02:54:12,476] {taskinstance.py:1239} INFO - Starting attempt 1 of 4
[2022-01-24 02:54:12,477] {taskinstance.py:1240} INFO - 
--------------------------------------------------------------------------------
[2022-01-24 02:54:12,488] {taskinstance.py:1259} INFO - Executing <Task(BashOperator): print_date> on 2022-01-24 02:54:11.103349+00:00
[2022-01-24 02:54:12,494] {standard_task_runner.py:52} INFO - Started process 83 to run task
[2022-01-24 02:54:12,498] {standard_task_runner.py:76} INFO - Running: ['***', 'tasks', 'run', 'rides_dag', 'print_date', 'manual__2022-01-24T02:54:11.103349+00:00', '--job-id', '666', '--raw', '--subdir', 'DAGS_FOLDER/rides_dag.py', '--cfg-path', '/tmp/tmpkd6687ku', '--error-file', '/tmp/tmpc8tsyhvt']
[2022-01-24 02:54:12,499] {standard_task_runner.py:77} INFO - Job 666: Subtask print_date
[2022-01-24 02:54:12,575] {logging_mixin.py:109} INFO - Running <TaskInstance: rides_dag.print_date manual__2022-01-24T02:54:11.103349+00:00 [running]> on host ec724cd32110
[2022-01-24 02:54:12,644] {taskinstance.py:1426} INFO - Exporting the following env vars:
AIRFLOW_CTX_DAG_EMAIL=mcgaritym@gmail.com
AIRFLOW_CTX_DAG_OWNER=***
AIRFLOW_CTX_DAG_ID=rides_dag
AIRFLOW_CTX_TASK_ID=print_date
AIRFLOW_CTX_EXECUTION_DATE=2022-01-24T02:54:11.103349+00:00
AIRFLOW_CTX_DAG_RUN_ID=manual__2022-01-24T02:54:11.103349+00:00
[2022-01-24 02:54:12,646] {subprocess.py:62} INFO - Tmp dir root location: 
 /tmp
[2022-01-24 02:54:12,647] {subprocess.py:74} INFO - Running command: ['bash', '-c', 'date']
[2022-01-24 02:54:12,660] {subprocess.py:85} INFO - Output:
[2022-01-24 02:54:12,665] {subprocess.py:89} INFO - Mon Jan 24 02:54:12 UTC 2022
[2022-01-24 02:54:12,667] {subprocess.py:93} INFO - Command exited with return code 0
[2022-01-24 02:54:12,704] {taskinstance.py:1277} INFO - Marking task as SUCCESS. dag_id=rides_dag, task_id=print_date, execution_date=20220124T025411, start_date=20220124T025412, end_date=20220124T025412
[2022-01-24 02:54:12,753] {local_task_job.py:154} INFO - Task exited with return code 0
[2022-01-24 02:54:12,793] {local_task_job.py:264} INFO - 1 downstream tasks scheduled from follow-on schedule check
