[2022-01-24 03:03:08,787] {taskinstance.py:1032} INFO - Dependencies all met for <TaskInstance: rides_dag.sql_connect_ manual__2022-01-24T03:03:06.247979+00:00 [queued]>
[2022-01-24 03:03:08,797] {taskinstance.py:1032} INFO - Dependencies all met for <TaskInstance: rides_dag.sql_connect_ manual__2022-01-24T03:03:06.247979+00:00 [queued]>
[2022-01-24 03:03:08,798] {taskinstance.py:1238} INFO - 
--------------------------------------------------------------------------------
[2022-01-24 03:03:08,799] {taskinstance.py:1239} INFO - Starting attempt 1 of 4
[2022-01-24 03:03:08,799] {taskinstance.py:1240} INFO - 
--------------------------------------------------------------------------------
[2022-01-24 03:03:08,810] {taskinstance.py:1259} INFO - Executing <Task(PythonOperator): sql_connect_> on 2022-01-24 03:03:06.247979+00:00
[2022-01-24 03:03:08,814] {standard_task_runner.py:52} INFO - Started process 83 to run task
[2022-01-24 03:03:08,818] {standard_task_runner.py:76} INFO - Running: ['***', 'tasks', 'run', 'rides_dag', 'sql_connect_', 'manual__2022-01-24T03:03:06.247979+00:00', '--job-id', '674', '--raw', '--subdir', 'DAGS_FOLDER/rides_dag.py', '--cfg-path', '/tmp/tmpi95q77fz', '--error-file', '/tmp/tmpuqbnjaiy']
[2022-01-24 03:03:08,819] {standard_task_runner.py:77} INFO - Job 674: Subtask sql_connect_
[2022-01-24 03:03:08,876] {logging_mixin.py:109} INFO - Running <TaskInstance: rides_dag.sql_connect_ manual__2022-01-24T03:03:06.247979+00:00 [running]> on host 6aee4ddcf228
[2022-01-24 03:03:08,924] {taskinstance.py:1426} INFO - Exporting the following env vars:
AIRFLOW_CTX_DAG_EMAIL=mcgaritym@gmail.com
AIRFLOW_CTX_DAG_OWNER=***
AIRFLOW_CTX_DAG_ID=rides_dag
AIRFLOW_CTX_TASK_ID=sql_connect_
AIRFLOW_CTX_EXECUTION_DATE=2022-01-24T03:03:06.247979+00:00
AIRFLOW_CTX_DAG_RUN_ID=manual__2022-01-24T03:03:06.247979+00:00
[2022-01-24 03:03:08,926] {logging_mixin.py:109} INFO - Current Working Directory:  /opt/***
[2022-01-24 03:03:08,926] {logging_mixin.py:109} INFO - Current Working Directory Files:  ['logs', 'dags', '***-worker.pid', 'data', '***.cfg', 'plugins', 'webserver_config.py', 'config.py', 'requirements.txt']
[2022-01-24 03:03:08,927] {logging_mixin.py:109} INFO - Parent Directory:  /opt
[2022-01-24 03:03:08,928] {logging_mixin.py:109} INFO - Current Parent Directory Files:  ['***', 'microsoft', 'mssql-tools']
[2022-01-24 03:03:08,993] {python.py:175} INFO - Done. Returned value was: Rides Database Created
[2022-01-24 03:03:09,012] {taskinstance.py:1277} INFO - Marking task as SUCCESS. dag_id=rides_dag, task_id=sql_connect_, execution_date=20220124T030306, start_date=20220124T030308, end_date=20220124T030309
[2022-01-24 03:03:09,031] {local_task_job.py:154} INFO - Task exited with return code 0
[2022-01-24 03:03:09,060] {local_task_job.py:264} INFO - 0 downstream tasks scheduled from follow-on schedule check
