[2022-01-24 03:06:57,936] {taskinstance.py:1032} INFO - Dependencies all met for <TaskInstance: rides_dag.print_date manual__2022-01-24T03:06:56.697431+00:00 [queued]>
[2022-01-24 03:06:57,948] {taskinstance.py:1032} INFO - Dependencies all met for <TaskInstance: rides_dag.print_date manual__2022-01-24T03:06:56.697431+00:00 [queued]>
[2022-01-24 03:06:57,949] {taskinstance.py:1238} INFO - 
--------------------------------------------------------------------------------
[2022-01-24 03:06:57,949] {taskinstance.py:1239} INFO - Starting attempt 1 of 4
[2022-01-24 03:06:57,950] {taskinstance.py:1240} INFO - 
--------------------------------------------------------------------------------
[2022-01-24 03:06:57,960] {taskinstance.py:1259} INFO - Executing <Task(BashOperator): print_date> on 2022-01-24 03:06:56.697431+00:00
[2022-01-24 03:06:57,964] {standard_task_runner.py:52} INFO - Started process 252 to run task
[2022-01-24 03:06:57,968] {standard_task_runner.py:76} INFO - Running: ['***', 'tasks', 'run', 'rides_dag', 'print_date', 'manual__2022-01-24T03:06:56.697431+00:00', '--job-id', '675', '--raw', '--subdir', 'DAGS_FOLDER/rides_dag.py', '--cfg-path', '/tmp/tmpil3arnxw', '--error-file', '/tmp/tmpuyqc4jh7']
[2022-01-24 03:06:57,969] {standard_task_runner.py:77} INFO - Job 675: Subtask print_date
[2022-01-24 03:06:58,023] {logging_mixin.py:109} INFO - Running <TaskInstance: rides_dag.print_date manual__2022-01-24T03:06:56.697431+00:00 [running]> on host 6aee4ddcf228
[2022-01-24 03:06:58,080] {taskinstance.py:1426} INFO - Exporting the following env vars:
AIRFLOW_CTX_DAG_EMAIL=mcgaritym@gmail.com
AIRFLOW_CTX_DAG_OWNER=***
AIRFLOW_CTX_DAG_ID=rides_dag
AIRFLOW_CTX_TASK_ID=print_date
AIRFLOW_CTX_EXECUTION_DATE=2022-01-24T03:06:56.697431+00:00
AIRFLOW_CTX_DAG_RUN_ID=manual__2022-01-24T03:06:56.697431+00:00
[2022-01-24 03:06:58,083] {subprocess.py:62} INFO - Tmp dir root location: 
 /tmp
[2022-01-24 03:06:58,085] {subprocess.py:74} INFO - Running command: ['bash', '-c', 'date']
[2022-01-24 03:06:58,108] {subprocess.py:85} INFO - Output:
[2022-01-24 03:06:58,111] {subprocess.py:89} INFO - Mon Jan 24 03:06:58 UTC 2022
[2022-01-24 03:06:58,112] {subprocess.py:93} INFO - Command exited with return code 0
[2022-01-24 03:06:58,146] {taskinstance.py:1277} INFO - Marking task as SUCCESS. dag_id=rides_dag, task_id=print_date, execution_date=20220124T030656, start_date=20220124T030657, end_date=20220124T030658
[2022-01-24 03:06:58,184] {local_task_job.py:154} INFO - Task exited with return code 0
[2022-01-24 03:06:58,219] {local_task_job.py:264} INFO - 1 downstream tasks scheduled from follow-on schedule check
