[2022-01-24 03:03:07,803] {taskinstance.py:1032} INFO - Dependencies all met for <TaskInstance: rides_dag.print_date manual__2022-01-24T03:03:06.247979+00:00 [queued]>
[2022-01-24 03:03:07,812] {taskinstance.py:1032} INFO - Dependencies all met for <TaskInstance: rides_dag.print_date manual__2022-01-24T03:03:06.247979+00:00 [queued]>
[2022-01-24 03:03:07,813] {taskinstance.py:1238} INFO - 
--------------------------------------------------------------------------------
[2022-01-24 03:03:07,814] {taskinstance.py:1239} INFO - Starting attempt 1 of 4
[2022-01-24 03:03:07,814] {taskinstance.py:1240} INFO - 
--------------------------------------------------------------------------------
[2022-01-24 03:03:07,823] {taskinstance.py:1259} INFO - Executing <Task(BashOperator): print_date> on 2022-01-24 03:03:06.247979+00:00
[2022-01-24 03:03:07,826] {standard_task_runner.py:52} INFO - Started process 80 to run task
[2022-01-24 03:03:07,830] {standard_task_runner.py:76} INFO - Running: ['***', 'tasks', 'run', 'rides_dag', 'print_date', 'manual__2022-01-24T03:03:06.247979+00:00', '--job-id', '673', '--raw', '--subdir', 'DAGS_FOLDER/rides_dag.py', '--cfg-path', '/tmp/tmpodg5le_b', '--error-file', '/tmp/tmp5kdxx6gu']
[2022-01-24 03:03:07,830] {standard_task_runner.py:77} INFO - Job 673: Subtask print_date
[2022-01-24 03:03:07,883] {logging_mixin.py:109} INFO - Running <TaskInstance: rides_dag.print_date manual__2022-01-24T03:03:06.247979+00:00 [running]> on host 6aee4ddcf228
[2022-01-24 03:03:07,932] {taskinstance.py:1426} INFO - Exporting the following env vars:
AIRFLOW_CTX_DAG_EMAIL=mcgaritym@gmail.com
AIRFLOW_CTX_DAG_OWNER=***
AIRFLOW_CTX_DAG_ID=rides_dag
AIRFLOW_CTX_TASK_ID=print_date
AIRFLOW_CTX_EXECUTION_DATE=2022-01-24T03:03:06.247979+00:00
AIRFLOW_CTX_DAG_RUN_ID=manual__2022-01-24T03:03:06.247979+00:00
[2022-01-24 03:03:07,933] {subprocess.py:62} INFO - Tmp dir root location: 
 /tmp
[2022-01-24 03:03:07,934] {subprocess.py:74} INFO - Running command: ['bash', '-c', 'date']
[2022-01-24 03:03:07,944] {subprocess.py:85} INFO - Output:
[2022-01-24 03:03:07,948] {subprocess.py:89} INFO - Mon Jan 24 03:03:07 UTC 2022
[2022-01-24 03:03:07,948] {subprocess.py:93} INFO - Command exited with return code 0
[2022-01-24 03:03:07,971] {taskinstance.py:1277} INFO - Marking task as SUCCESS. dag_id=rides_dag, task_id=print_date, execution_date=20220124T030306, start_date=20220124T030307, end_date=20220124T030307
[2022-01-24 03:03:08,003] {local_task_job.py:154} INFO - Task exited with return code 0
[2022-01-24 03:03:08,039] {local_task_job.py:264} INFO - 1 downstream tasks scheduled from follow-on schedule check
