[2022-01-24 02:23:03,968] {taskinstance.py:1032} INFO - Dependencies all met for <TaskInstance: rides_dag.print_date manual__2022-01-24T02:23:02.188245+00:00 [queued]>
[2022-01-24 02:23:03,979] {taskinstance.py:1032} INFO - Dependencies all met for <TaskInstance: rides_dag.print_date manual__2022-01-24T02:23:02.188245+00:00 [queued]>
[2022-01-24 02:23:03,980] {taskinstance.py:1238} INFO - 
--------------------------------------------------------------------------------
[2022-01-24 02:23:03,981] {taskinstance.py:1239} INFO - Starting attempt 1 of 4
[2022-01-24 02:23:03,981] {taskinstance.py:1240} INFO - 
--------------------------------------------------------------------------------
[2022-01-24 02:23:03,996] {taskinstance.py:1259} INFO - Executing <Task(BashOperator): print_date> on 2022-01-24 02:23:02.188245+00:00
[2022-01-24 02:23:04,001] {standard_task_runner.py:52} INFO - Started process 1274 to run task
[2022-01-24 02:23:04,006] {standard_task_runner.py:76} INFO - Running: ['***', 'tasks', 'run', 'rides_dag', 'print_date', 'manual__2022-01-24T02:23:02.188245+00:00', '--job-id', '660', '--raw', '--subdir', 'DAGS_FOLDER/rides_dag.py', '--cfg-path', '/tmp/tmpx9hkhg0y', '--error-file', '/tmp/tmpu69rhbes']
[2022-01-24 02:23:04,007] {standard_task_runner.py:77} INFO - Job 660: Subtask print_date
[2022-01-24 02:23:04,066] {logging_mixin.py:109} INFO - Running <TaskInstance: rides_dag.print_date manual__2022-01-24T02:23:02.188245+00:00 [running]> on host 2595cfb8262c
[2022-01-24 02:23:04,134] {taskinstance.py:1426} INFO - Exporting the following env vars:
AIRFLOW_CTX_DAG_EMAIL=mcgaritym@gmail.com
AIRFLOW_CTX_DAG_OWNER=***
AIRFLOW_CTX_DAG_ID=rides_dag
AIRFLOW_CTX_TASK_ID=print_date
AIRFLOW_CTX_EXECUTION_DATE=2022-01-24T02:23:02.188245+00:00
AIRFLOW_CTX_DAG_RUN_ID=manual__2022-01-24T02:23:02.188245+00:00
[2022-01-24 02:23:04,135] {subprocess.py:62} INFO - Tmp dir root location: 
 /tmp
[2022-01-24 02:23:04,136] {subprocess.py:74} INFO - Running command: ['bash', '-c', 'date']
[2022-01-24 02:23:04,147] {subprocess.py:85} INFO - Output:
[2022-01-24 02:23:04,154] {subprocess.py:89} INFO - Mon Jan 24 02:23:04 UTC 2022
[2022-01-24 02:23:04,155] {subprocess.py:93} INFO - Command exited with return code 0
[2022-01-24 02:23:04,180] {taskinstance.py:1277} INFO - Marking task as SUCCESS. dag_id=rides_dag, task_id=print_date, execution_date=20220124T022302, start_date=20220124T022303, end_date=20220124T022304
[2022-01-24 02:23:04,219] {local_task_job.py:154} INFO - Task exited with return code 0
[2022-01-24 02:23:04,249] {local_task_job.py:264} INFO - 1 downstream tasks scheduled from follow-on schedule check
