[2022-01-24 03:06:59,143] {taskinstance.py:1032} INFO - Dependencies all met for <TaskInstance: rides_dag.sql_connect_ manual__2022-01-24T03:06:56.697431+00:00 [queued]>
[2022-01-24 03:06:59,153] {taskinstance.py:1032} INFO - Dependencies all met for <TaskInstance: rides_dag.sql_connect_ manual__2022-01-24T03:06:56.697431+00:00 [queued]>
[2022-01-24 03:06:59,154] {taskinstance.py:1238} INFO - 
--------------------------------------------------------------------------------
[2022-01-24 03:06:59,155] {taskinstance.py:1239} INFO - Starting attempt 1 of 4
[2022-01-24 03:06:59,156] {taskinstance.py:1240} INFO - 
--------------------------------------------------------------------------------
[2022-01-24 03:06:59,170] {taskinstance.py:1259} INFO - Executing <Task(PythonOperator): sql_connect_> on 2022-01-24 03:06:56.697431+00:00
[2022-01-24 03:06:59,176] {standard_task_runner.py:52} INFO - Started process 255 to run task
[2022-01-24 03:06:59,180] {standard_task_runner.py:76} INFO - Running: ['***', 'tasks', 'run', 'rides_dag', 'sql_connect_', 'manual__2022-01-24T03:06:56.697431+00:00', '--job-id', '676', '--raw', '--subdir', 'DAGS_FOLDER/rides_dag.py', '--cfg-path', '/tmp/tmptxwnlzb_', '--error-file', '/tmp/tmpcjzxb2rw']
[2022-01-24 03:06:59,181] {standard_task_runner.py:77} INFO - Job 676: Subtask sql_connect_
[2022-01-24 03:06:59,242] {logging_mixin.py:109} INFO - Running <TaskInstance: rides_dag.sql_connect_ manual__2022-01-24T03:06:56.697431+00:00 [running]> on host 6aee4ddcf228
[2022-01-24 03:06:59,293] {taskinstance.py:1426} INFO - Exporting the following env vars:
AIRFLOW_CTX_DAG_EMAIL=mcgaritym@gmail.com
AIRFLOW_CTX_DAG_OWNER=***
AIRFLOW_CTX_DAG_ID=rides_dag
AIRFLOW_CTX_TASK_ID=sql_connect_
AIRFLOW_CTX_EXECUTION_DATE=2022-01-24T03:06:56.697431+00:00
AIRFLOW_CTX_DAG_RUN_ID=manual__2022-01-24T03:06:56.697431+00:00
[2022-01-24 03:06:59,294] {logging_mixin.py:109} INFO - Current Working Directory:  /opt/***
[2022-01-24 03:06:59,295] {logging_mixin.py:109} INFO - Current Working Directory Files:  ['logs', 'dags', '***-worker.pid', 'data', '***.cfg', 'plugins', 'webserver_config.py', 'config.py', 'requirements.txt']
[2022-01-24 03:06:59,296] {logging_mixin.py:109} INFO - Parent Directory:  /opt
[2022-01-24 03:06:59,296] {logging_mixin.py:109} INFO - Current Parent Directory Files:  ['***', 'microsoft', 'mssql-tools']
[2022-01-24 03:06:59,297] {logging_mixin.py:109} INFO - Data Directory:  /opt/***/data
[2022-01-24 03:06:59,305] {logging_mixin.py:109} INFO - Current Data Files:  ['.gitkeep', '.gitkeep 2', '2010-capitalbikeshare-tripdata.csv', '2011-capitalbikeshare-tripdata.csv', '2012Q1-capitalbikeshare-tripdata.csv', '2012Q2-capitalbikeshare-tripdata.csv', '2012Q3-capitalbikeshare-tripdata.csv', '2012Q4-capitalbikeshare-tripdata.csv', '2013Q1-capitalbikeshare-tripdata.csv', '2013Q2-capitalbikeshare-tripdata.csv', '2013Q3-capitalbikeshare-tripdata.csv', '2013Q4-capitalbikeshare-tripdata.csv', '2014Q1-capitalbikeshare-tripdata.csv', '2014Q2-capitalbikeshare-tripdata.csv', '2014Q3-capitalbikeshare-tripdata.csv', '2014Q4-capitalbikeshare-tripdata.csv', '2015Q1-capitalbikeshare-tripdata.csv', '2015Q2-capitalbikeshare-tripdata.csv', '2015Q3-capitalbikeshare-tripdata.csv', '2015Q4-capitalbikeshare-tripdata.csv', '2016Q1-capitalbikeshare-tripdata.csv', '2016Q2-capitalbikeshare-tripdata.csv', '2016Q3-capitalbikeshare-tripdata.csv', '2016Q4-capitalbikeshare-tripdata.csv', '2017Q1-capitalbikeshare-tripdata.csv', '2017Q2-capitalbikeshare-tripdata.csv', '2017Q3-capitalbikeshare-tripdata.csv', '2017Q4-capitalbikeshare-tripdata.csv', '201801_capitalbikeshare_tripdata.csv', '201802-capitalbikeshare-tripdata.csv', '201803-capitalbikeshare-tripdata.csv', '201804-capitalbikeshare-tripdata.csv', '201805-capitalbikeshare-tripdata.csv', '201806-capitalbikeshare-tripdata.csv', '201807-capitalbikeshare-tripdata.csv', '201808-capitalbikeshare-tripdata.csv', '201809-capitalbikeshare-tripdata.csv', '201810-capitalbikeshare-tripdata.csv', '201811-capitalbikeshare-tripdata.csv', '201812-capitalbikeshare-tripdata.csv', '201901-capitalbikeshare-tripdata.csv', '201902-capitalbikeshare-tripdata.csv', '201903-capitalbikeshare-tripdata.csv', '201904-capitalbikeshare-tripdata.csv', '201905-capitalbikeshare-tripdata.csv', '201906-capitalbikeshare-tripdata.csv', '201907-capitalbikeshare-tripdata', '201908-capitalbikeshare-tripdata', '201909-capitalbikeshare-tripdata.csv', '201910-capitalbikeshare-tripdata.csv', '201911-capitalbikeshare-tripdata.csv', '201912-capitalbikeshare-tripdata.csv', '202001-capitalbikeshare-tripdata.csv', '202002-capitalbikeshare-tripdata.csv', '202003-capitalbikeshare-tripdata.csv', '202004-capitalbikeshare-tripdata.csv', '202005-capitalbikeshare-tripdata.csv', '202006-capitalbikeshare-tripdata.csv', '202007-capitalbikeshare-tripdata.csv', '202008-capitalbikeshare-tripdata.csv', '202009-capitalbikeshare-tripdata.csv', '202010-capitalbikeshare-tripdata.csv', '202011-capitalbikeshare-tripdata.csv', '202012-capitalbikeshare-tripdata.csv', '202101-capitalbikeshare-tripdata.csv', '202102-capitalbikeshare-tripdata.csv', '202103-capitalbikeshare-tripdata.csv', '202104-capitalbikeshare-tripdata.csv', '202105-capitalbikeshare-tripdata.csv', '202106-capitalbikeshare-tripdata.csv', '202107-capitalbikeshare-tripdata.csv', '202108-capitalbikeshare-tripdata.csv', '202109-capitalbikeshare-tripdata.csv', '202110-capitalbikeshare-tripdata.csv', '202111-capitalbikeshare-tripdata.csv']
[2022-01-24 03:06:59,306] {logging_mixin.py:109} INFO - DAGs Directory:  /opt/***/dags
[2022-01-24 03:06:59,307] {logging_mixin.py:109} INFO - Current DAGs Files:  ['__pycache__', 'config.py', 'email_results.py', 'get_financials.py', 'get_tickers.py', 'query_stocks.py', 'rides_dag.py', 'sql_connect.py', 'test_db.py', 'tickers_2022-01-11__10-19-11.csv']
[2022-01-24 03:06:59,370] {python.py:175} INFO - Done. Returned value was: Rides Database Created
[2022-01-24 03:06:59,393] {taskinstance.py:1277} INFO - Marking task as SUCCESS. dag_id=rides_dag, task_id=sql_connect_, execution_date=20220124T030656, start_date=20220124T030659, end_date=20220124T030659
[2022-01-24 03:06:59,435] {local_task_job.py:154} INFO - Task exited with return code 0
[2022-01-24 03:06:59,501] {local_task_job.py:264} INFO - 0 downstream tasks scheduled from follow-on schedule check
